<?xml version="1.0" encoding="UTF-8"?>
<testsuite name="common.SortingToolStage6Test" tests="1" skipped="0" failures="0" errors="0" timestamp="2021-10-30T05:19:01" hostname="matheuslazaro-Inspiron-15-3567" time="0.777">
  <properties/>
  <testcase name="start" classname="common.SortingToolStage6Test" time="0.777"/>
  <system-out><![CDATA[?[1;31m
Start test 1?[0m
> 1 -2   333 4
> 42
> 1                 1
Total number = 7.
Sorted data: -2 1 1 1 4 42 333
?[1;31m
Start test 2?[0m
> 1 -2   333 4
> 42
> 1                 1
Total number = 7.
Sorted data: -2 1 1 1 4 42 333
?[1;31m
Start test 3?[0m
> 1 -2   333 4
> 42
> 1                 1
Total numbers: 7.
-2: 1 time(s), 14%
4: 1 time(s), 14%
42: 1 time(s), 14%
333: 1 time(s), 14%
1: 3 time(s), 43%

?[1;31m
Start test 4?[0m
> 1 -2   333 4
> 42
> 1                 1
Total words: 7.
-2: 1 time(s), 14%
333: 1 time(s), 14%
4: 1 time(s), 14%
42: 1 time(s), 14%
1: 3 time(s), 43%

?[1;31m
Start test 5?[0m
> 1 -2   333 4
> 42
> 42
> 1                 1
Total lines: 4.
1                 1: 1 time(s), 25%
1 -2   333 4: 1 time(s), 25%
42: 2 time(s), 50%

?[1;31m
Start test 6?[0m
> 1111 1111
> 22222
> 3
> 44
Total lines: 4.
1111 1111: 1 time(s), 25%
22222: 1 time(s), 25%
3: 1 time(s), 25%
44: 1 time(s), 25%

?[1;31m
Start test 7?[0m
> 1111 1111
> 22222
> 3
> 44
Total words: 5.
22222: 1 time(s), 20%
3: 1 time(s), 20%
44: 1 time(s), 20%
1111: 2 time(s), 40%

?[1;31m
Start test 8?[0m
> 1111 1111
> 22222
> 3
> 44
Total numbers: 5.
3: 1 time(s), 20%
44: 1 time(s), 20%
22222: 1 time(s), 20%
1111: 2 time(s), 40%

?[1;31m
Start test 9?[0m
No sorting type defined!
> 1 -2   333 4
> 42
> 1                 1
Total lines: 3
Sorted data:
1                 1
1 -2   333 4
42
?[1;31m
Start test 10?[0m
> 1 -2   333 4
> 42
> 1                 1
Total numbers: 7.
-2: 1 time(s), 14%
4: 1 time(s), 14%
42: 1 time(s), 14%
333: 1 time(s), 14%
1: 3 time(s), 43%

?[1;31m
Start test 11?[0m
> 1111 1111
> 22222
> 3
> 44
Total lines: 4.
1111 1111: 1 time(s), 25%
22222: 1 time(s), 25%
3: 1 time(s), 25%
44: 1 time(s), 25%

?[1;31m
Start test 12?[0m
No sorting type defined!
> 1111 1111
> 22222
> 3
> 44
Total lines: 4
Sorted data:
1111 1111
22222
3
44
?[1;31m
Start test 13?[0m
Total lines: 3.
1                 1: 1 time(s), 33%
1 -2   333 4: 1 time(s), 33%
42: 1 time(s), 33%

?[1;31m
Start test 14?[0m
?[1;31m
Start test 15?[0m
Total lines: 3
Sorted data:
1                 1
1 -2   333 4
42
?[1;31m
Start test 16?[0m
]]></system-out>
  <system-err><![CDATA[]]></system-err>
</testsuite>
